nmap -vv --reason -Pn -T4 -sV -sC --version-all -A --osscan-guess -oN "/home/kali/src/oscp/results/kevin/scans/_quick_tcp_nmap.txt" -oX "/home/kali/src/oscp/results/kevin/scans/xml/_quick_tcp_nmap.xml" kevin

nmap -vv --reason -Pn -T4 -sV -sC --version-all -A --osscan-guess -p- -oN "/home/kali/src/oscp/results/kevin/scans/_full_tcp_nmap.txt" -oX "/home/kali/src/oscp/results/kevin/scans/xml/_full_tcp_nmap.xml" kevin

feroxbuster -u http://kevin:80/ -t 10 -w /home/kali/.local/share/AutoRecon/wordlists/dirbuster.txt -x "txt,html,php,asp,aspx,jsp" -v -k -n -q -e -r -o "/home/kali/src/oscp/results/kevin/scans/tcp80/tcp_80_http_feroxbuster_dirbuster.txt"

curl -sSikf http://kevin:80/.well-known/security.txt

curl -sSikf http://kevin:80/robots.txt

curl -sSik http://kevin:80/

nikto -ask=no -Tuning=x4567890ac -nointeractive -host http://kevin:80 2>&1 | tee "/home/kali/src/oscp/results/kevin/scans/tcp80/tcp_80_http_nikto.txt"

nmap -vv --reason -Pn -T4 -sV -p 80 --script="banner,(http* or ssl*) and not (brute or broadcast or dos or external or http-slowloris* or fuzzer)" -oN "/home/kali/src/oscp/results/kevin/scans/tcp80/tcp_80_http_nmap.txt" -oX "/home/kali/src/oscp/results/kevin/scans/tcp80/xml/tcp_80_http_nmap.xml" kevin

whatweb --color=never --no-errors -a 3 -v http://kevin:80 2>&1

wkhtmltoimage --format png http://kevin:80/ /home/kali/src/oscp/results/kevin/scans/tcp80/tcp_80_http_screenshot.png

impacket-getArch -target kevin

nmap -vv --reason -Pn -T4 -sV -p 135 --script="banner,msrpc-enum,rpc-grind,rpcinfo" -oN "/home/kali/src/oscp/results/kevin/scans/tcp135/tcp_135_rpc_nmap.txt" -oX "/home/kali/src/oscp/results/kevin/scans/tcp135/xml/tcp_135_rpc_nmap.xml" kevin

impacket-rpcdump -port 135 kevin

enum4linux -a -M -l -d kevin 2>&1

nbtscan -rvh 192.168.190.45 2>&1

nmap -vv --reason -Pn -T4 -sV -p 139 --script="banner,(nbstat or smb* or ssl*) and not (brute or broadcast or dos or external or fuzzer)" -oN "/home/kali/src/oscp/results/kevin/scans/tcp139/tcp_139_smb_nmap.txt" -oX "/home/kali/src/oscp/results/kevin/scans/tcp139/xml/tcp_139_smb_nmap.xml" kevin

smbclient -L //kevin -N -I kevin 2>&1

smbmap -H kevin -P 139 2>&1

nmap -vv --reason -Pn -T4 -sV -p 3389 --script="banner,(rdp* or ssl*) and not (brute or broadcast or dos or external or fuzzer)" -oN "/home/kali/src/oscp/results/kevin/scans/tcp3389/tcp_3389_rdp_nmap.txt" -oX "/home/kali/src/oscp/results/kevin/scans/tcp3389/xml/tcp_3389_rdp_nmap.xml" kevin

sslscan --show-certificate --no-colour kevin:3389 2>&1

nmap -vv --reason -Pn -T4 -sV -p 49152 --script="banner,msrpc-enum,rpc-grind,rpcinfo" -oN "/home/kali/src/oscp/results/kevin/scans/tcp49152/tcp_49152_rpc_nmap.txt" -oX "/home/kali/src/oscp/results/kevin/scans/tcp49152/xml/tcp_49152_rpc_nmap.xml" kevin

nmap -vv --reason -Pn -T4 -sV -p 49153 --script="banner,msrpc-enum,rpc-grind,rpcinfo" -oN "/home/kali/src/oscp/results/kevin/scans/tcp49153/tcp_49153_rpc_nmap.txt" -oX "/home/kali/src/oscp/results/kevin/scans/tcp49153/xml/tcp_49153_rpc_nmap.xml" kevin

nmap -vv --reason -Pn -T4 -sV -p 49154 --script="banner,msrpc-enum,rpc-grind,rpcinfo" -oN "/home/kali/src/oscp/results/kevin/scans/tcp49154/tcp_49154_rpc_nmap.txt" -oX "/home/kali/src/oscp/results/kevin/scans/tcp49154/xml/tcp_49154_rpc_nmap.xml" kevin

nmap -vv --reason -Pn -T4 -sV -p 49155 --script="banner,msrpc-enum,rpc-grind,rpcinfo" -oN "/home/kali/src/oscp/results/kevin/scans/tcp49155/tcp_49155_rpc_nmap.txt" -oX "/home/kali/src/oscp/results/kevin/scans/tcp49155/xml/tcp_49155_rpc_nmap.xml" kevin

nmap -vv --reason -Pn -T4 -sV -p 49159 --script="banner,msrpc-enum,rpc-grind,rpcinfo" -oN "/home/kali/src/oscp/results/kevin/scans/tcp49159/tcp_49159_rpc_nmap.txt" -oX "/home/kali/src/oscp/results/kevin/scans/tcp49159/xml/tcp_49159_rpc_nmap.xml" kevin

nmap -vv --reason -Pn -T4 -sV -p 49160 --script="banner,msrpc-enum,rpc-grind,rpcinfo" -oN "/home/kali/src/oscp/results/kevin/scans/tcp49160/tcp_49160_rpc_nmap.txt" -oX "/home/kali/src/oscp/results/kevin/scans/tcp49160/xml/tcp_49160_rpc_nmap.xml" kevin

