nmap -vv --reason -Pn -T4 -sV -sC --version-all -A --osscan-guess -oN "/home/kali/src/oscp/results/manager/scans/_quick_tcp_nmap.txt" -oX "/home/kali/src/oscp/results/manager/scans/xml/_quick_tcp_nmap.xml" manager

nmap -vv --reason -Pn -T4 -sV -sC --version-all -A --osscan-guess -p- -oN "/home/kali/src/oscp/results/manager/scans/_full_tcp_nmap.txt" -oX "/home/kali/src/oscp/results/manager/scans/xml/_full_tcp_nmap.xml" manager

dig -p 53 -x manager @manager

dig AXFR -p 53 @manager manager

nmap -vv --reason -Pn -T4 -sV -p 53 --script="banner,(dns* or ssl*) and not (brute or broadcast or dos or external or fuzzer)" -oN "/home/kali/src/oscp/results/manager/scans/tcp53/tcp_53_dns_nmap.txt" -oX "/home/kali/src/oscp/results/manager/scans/tcp53/xml/tcp_53_dns_nmap.xml" manager

gobuster dns -d manager -r manager -w /usr/share/seclists/Discovery/DNS/subdomains-top1million-110000.txt -o "/home/kali/src/oscp/results/manager/scans/tcp53/tcp_53_manager_subdomains_subdomains-top1million-110000.txt"

feroxbuster -u http://manager:80/ -t 10 -w /home/kali/.local/share/AutoRecon/wordlists/dirbuster.txt -x "txt,html,php,asp,aspx,jsp" -v -k -n -q -e -r -o "/home/kali/src/oscp/results/manager/scans/tcp80/tcp_80_http_feroxbuster_dirbuster.txt"

curl -sSikf http://manager:80/.well-known/security.txt

curl -sSikf http://manager:80/robots.txt

curl -sSik http://manager:80/

nikto -ask=no -Tuning=x4567890ac -nointeractive -host http://manager:80 2>&1 | tee "/home/kali/src/oscp/results/manager/scans/tcp80/tcp_80_http_nikto.txt"

nmap -vv --reason -Pn -T4 -sV -p 80 --script="banner,(http* or ssl*) and not (brute or broadcast or dos or external or http-slowloris* or fuzzer)" -oN "/home/kali/src/oscp/results/manager/scans/tcp80/tcp_80_http_nmap.txt" -oX "/home/kali/src/oscp/results/manager/scans/tcp80/xml/tcp_80_http_nmap.xml" manager

ffuf -u http://manager:80/ -t 10 -w /usr/share/seclists/Discovery/DNS/subdomains-top1million-110000.txt -H "Host: FUZZ.manager" -mc all -fs 18203 -r -noninteractive -s | tee "/home/kali/src/oscp/results/manager/scans/tcp80/tcp_80_http_manager_vhosts_subdomains-top1million-110000.txt"

whatweb --color=never --no-errors -a 3 -v http://manager:80 2>&1

wkhtmltoimage --format png http://manager:80/ /home/kali/src/oscp/results/manager/scans/tcp80/tcp_80_http_screenshot.png

nmap -vv --reason -Pn -T4 -sV -p 88 --script="banner,krb5-enum-users" -oN "/home/kali/src/oscp/results/manager/scans/tcp88/tcp_88_kerberos_nmap.txt" -oX "/home/kali/src/oscp/results/manager/scans/tcp88/xml/tcp_88_kerberos_nmap.xml" manager

impacket-getArch -target manager

nmap -vv --reason -Pn -T4 -sV -p 135 --script="banner,msrpc-enum,rpc-grind,rpcinfo" -oN "/home/kali/src/oscp/results/manager/scans/tcp135/tcp_135_rpc_nmap.txt" -oX "/home/kali/src/oscp/results/manager/scans/tcp135/xml/tcp_135_rpc_nmap.xml" manager

impacket-rpcdump -port 135 manager

enum4linux -a -M -l -d manager 2>&1

nbtscan -rvh 10.10.11.236 2>&1

nmap -vv --reason -Pn -T4 -sV -p 139 --script="banner,(nbstat or smb* or ssl*) and not (brute or broadcast or dos or external or fuzzer)" -oN "/home/kali/src/oscp/results/manager/scans/tcp139/tcp_139_smb_nmap.txt" -oX "/home/kali/src/oscp/results/manager/scans/tcp139/xml/tcp_139_smb_nmap.xml" manager

smbclient -L //manager -N -I manager 2>&1

smbmap -H manager -P 139 2>&1

nmap -vv --reason -Pn -T4 -sV -p 389 --script="banner,(ldap* or ssl*) and not (brute or broadcast or dos or external or fuzzer)" -oN "/home/kali/src/oscp/results/manager/scans/tcp389/tcp_389_ldap_nmap.txt" -oX "/home/kali/src/oscp/results/manager/scans/tcp389/xml/tcp_389_ldap_nmap.xml" manager

nmap -vv --reason -Pn -T4 -sV -p 445 --script="banner,(nbstat or smb* or ssl*) and not (brute or broadcast or dos or external or fuzzer)" -oN "/home/kali/src/oscp/results/manager/scans/tcp445/tcp_445_smb_nmap.txt" -oX "/home/kali/src/oscp/results/manager/scans/tcp445/xml/tcp_445_smb_nmap.xml" manager

smbmap -H manager -P 445 2>&1

nmap -vv --reason -Pn -T4 -sV -p 464 --script="banner,krb5-enum-users" -oN "/home/kali/src/oscp/results/manager/scans/tcp464/tcp_464_kerberos_nmap.txt" -oX "/home/kali/src/oscp/results/manager/scans/tcp464/xml/tcp_464_kerberos_nmap.xml" manager

impacket-rpcdump -port 593 manager

nmap -vv --reason -Pn -T4 -sV -p 636 --script="banner,(ldap* or ssl*) and not (brute or broadcast or dos or external or fuzzer)" -oN "/home/kali/src/oscp/results/manager/scans/tcp636/tcp_636_ldap_nmap.txt" -oX "/home/kali/src/oscp/results/manager/scans/tcp636/xml/tcp_636_ldap_nmap.xml" manager

sslscan --show-certificate --no-colour manager:636 2>&1

nmap -vv --reason -Pn -T4 -sV -p 1433 --script="banner,(ms-sql* or ssl*) and not (brute or broadcast or dos or external or fuzzer)" --script-args="mssql.instance-port=1433,mssql.username=sa,mssql.password=sa" -oN "/home/kali/src/oscp/results/manager/scans/tcp1433/tcp_1433_mssql_nmap.txt" -oX "/home/kali/src/oscp/results/manager/scans/tcp1433/xml/tcp_1433_mssql_nmap.xml" manager

nmap -vv --reason -Pn -T4 -sV -p 3268 --script="banner,(ldap* or ssl*) and not (brute or broadcast or dos or external or fuzzer)" -oN "/home/kali/src/oscp/results/manager/scans/tcp3268/tcp_3268_ldap_nmap.txt" -oX "/home/kali/src/oscp/results/manager/scans/tcp3268/xml/tcp_3268_ldap_nmap.xml" manager

nmap -vv --reason -Pn -T4 -sV -p 3269 --script="banner,(ldap* or ssl*) and not (brute or broadcast or dos or external or fuzzer)" -oN "/home/kali/src/oscp/results/manager/scans/tcp3269/tcp_3269_ldap_nmap.txt" -oX "/home/kali/src/oscp/results/manager/scans/tcp3269/xml/tcp_3269_ldap_nmap.xml" manager

sslscan --show-certificate --no-colour manager:3269 2>&1

dig AXFR -p 53 @manager

