nmap -vv --reason -Pn -T4 -sV -sC --version-all -A --osscan-guess -oN "/home/kali/src/oscp/results/codify.htb/scans/_quick_tcp_nmap.txt" -oX "/home/kali/src/oscp/results/codify.htb/scans/xml/_quick_tcp_nmap.xml" codify.htb

nmap -vv --reason -Pn -T4 -sV -sC --version-all -A --osscan-guess -p- -oN "/home/kali/src/oscp/results/codify.htb/scans/_full_tcp_nmap.txt" -oX "/home/kali/src/oscp/results/codify.htb/scans/xml/_full_tcp_nmap.xml" codify.htb

nmap -vv --reason -Pn -T4 -sV -p 22 --script="banner,ssh2-enum-algos,ssh-hostkey,ssh-auth-methods" -oN "/home/kali/src/oscp/results/codify.htb/scans/tcp22/tcp_22_ssh_nmap.txt" -oX "/home/kali/src/oscp/results/codify.htb/scans/tcp22/xml/tcp_22_ssh_nmap.xml" codify.htb

feroxbuster -u http://codify.htb:80/ -t 10 -w /home/kali/.local/share/AutoRecon/wordlists/dirbuster.txt -x "txt,html,php,asp,aspx,jsp" -v -k -n -q -e -r -o "/home/kali/src/oscp/results/codify.htb/scans/tcp80/tcp_80_http_feroxbuster_dirbuster.txt"

curl -sSikf http://codify.htb:80/.well-known/security.txt

curl -sSikf http://codify.htb:80/robots.txt

curl -sSik http://codify.htb:80/

nikto -ask=no -Tuning=x4567890ac -nointeractive -host http://codify.htb:80 2>&1 | tee "/home/kali/src/oscp/results/codify.htb/scans/tcp80/tcp_80_http_nikto.txt"

nmap -vv --reason -Pn -T4 -sV -p 80 --script="banner,(http* or ssl*) and not (brute or broadcast or dos or external or http-slowloris* or fuzzer)" -oN "/home/kali/src/oscp/results/codify.htb/scans/tcp80/tcp_80_http_nmap.txt" -oX "/home/kali/src/oscp/results/codify.htb/scans/tcp80/xml/tcp_80_http_nmap.xml" codify.htb

whatweb --color=never --no-errors -a 3 -v http://codify.htb:80 2>&1

wkhtmltoimage --format png http://codify.htb:80/ /home/kali/src/oscp/results/codify.htb/scans/tcp80/tcp_80_http_screenshot.png

feroxbuster -u http://codify.htb:3000/ -t 10 -w /home/kali/.local/share/AutoRecon/wordlists/dirbuster.txt -x "txt,html,php,asp,aspx,jsp" -v -k -n -q -e -r -o "/home/kali/src/oscp/results/codify.htb/scans/tcp3000/tcp_3000_http_feroxbuster_dirbuster.txt"

curl -sSikf http://codify.htb:3000/.well-known/security.txt

curl -sSikf http://codify.htb:3000/robots.txt

curl -sSik http://codify.htb:3000/

nikto -ask=no -Tuning=x4567890ac -nointeractive -host http://codify.htb:3000 2>&1 | tee "/home/kali/src/oscp/results/codify.htb/scans/tcp3000/tcp_3000_http_nikto.txt"

nmap -vv --reason -Pn -T4 -sV -p 3000 --script="banner,(http* or ssl*) and not (brute or broadcast or dos or external or http-slowloris* or fuzzer)" -oN "/home/kali/src/oscp/results/codify.htb/scans/tcp3000/tcp_3000_http_nmap.txt" -oX "/home/kali/src/oscp/results/codify.htb/scans/tcp3000/xml/tcp_3000_http_nmap.xml" codify.htb

ffuf -u http://codify.htb:3000/ -t 10 -w /usr/share/seclists/Discovery/DNS/subdomains-top1million-110000.txt -H "Host: FUZZ.codify.htb" -mc all -fs 2269 -r -noninteractive -s | tee "/home/kali/src/oscp/results/codify.htb/scans/tcp3000/tcp_3000_http_codify.htb_vhosts_subdomains-top1million-110000.txt"

whatweb --color=never --no-errors -a 3 -v http://codify.htb:3000 2>&1

wkhtmltoimage --format png http://codify.htb:3000/ /home/kali/src/oscp/results/codify.htb/scans/tcp3000/tcp_3000_http_screenshot.png

