nmap -vv --reason -Pn -T4 -sV -sC --version-all -A --osscan-guess -oN "/home/kali/src/oscp/results/rebound.htb/scans/_quick_tcp_nmap.txt" -oX "/home/kali/src/oscp/results/rebound.htb/scans/xml/_quick_tcp_nmap.xml" rebound.htb

nmap -vv --reason -Pn -T4 -sV -sC --version-all -A --osscan-guess -p- -oN "/home/kali/src/oscp/results/rebound.htb/scans/_full_tcp_nmap.txt" -oX "/home/kali/src/oscp/results/rebound.htb/scans/xml/_full_tcp_nmap.xml" rebound.htb

dig -p 53 -x rebound.htb @rebound.htb

dig AXFR -p 53 @rebound.htb rebound.htb

nmap -vv --reason -Pn -T4 -sV -p 53 --script="banner,(dns* or ssl*) and not (brute or broadcast or dos or external or fuzzer)" -oN "/home/kali/src/oscp/results/rebound.htb/scans/tcp53/tcp_53_dns_nmap.txt" -oX "/home/kali/src/oscp/results/rebound.htb/scans/tcp53/xml/tcp_53_dns_nmap.xml" rebound.htb

gobuster dns -d rebound.htb -r rebound.htb -w /usr/share/seclists/Discovery/DNS/subdomains-top1million-110000.txt -o "/home/kali/src/oscp/results/rebound.htb/scans/tcp53/tcp_53_rebound.htb_subdomains_subdomains-top1million-110000.txt"

nmap -vv --reason -Pn -T4 -sV -p 88 --script="banner,krb5-enum-users" -oN "/home/kali/src/oscp/results/rebound.htb/scans/tcp88/tcp_88_kerberos_nmap.txt" -oX "/home/kali/src/oscp/results/rebound.htb/scans/tcp88/xml/tcp_88_kerberos_nmap.xml" rebound.htb

impacket-getArch -target rebound.htb

nmap -vv --reason -Pn -T4 -sV -p 135 --script="banner,msrpc-enum,rpc-grind,rpcinfo" -oN "/home/kali/src/oscp/results/rebound.htb/scans/tcp135/tcp_135_rpc_nmap.txt" -oX "/home/kali/src/oscp/results/rebound.htb/scans/tcp135/xml/tcp_135_rpc_nmap.xml" rebound.htb

impacket-rpcdump -port 135 rebound.htb

enum4linux -a -M -l -d rebound.htb 2>&1

nbtscan -rvh 10.129.229.114 2>&1

nmap -vv --reason -Pn -T4 -sV -p 139 --script="banner,(nbstat or smb* or ssl*) and not (brute or broadcast or dos or external or fuzzer)" -oN "/home/kali/src/oscp/results/rebound.htb/scans/tcp139/tcp_139_smb_nmap.txt" -oX "/home/kali/src/oscp/results/rebound.htb/scans/tcp139/xml/tcp_139_smb_nmap.xml" rebound.htb

smbclient -L //rebound.htb -N -I rebound.htb 2>&1

smbmap -H rebound.htb -P 139 2>&1

nmap -vv --reason -Pn -T4 -sV -p 389 --script="banner,(ldap* or ssl*) and not (brute or broadcast or dos or external or fuzzer)" -oN "/home/kali/src/oscp/results/rebound.htb/scans/tcp389/tcp_389_ldap_nmap.txt" -oX "/home/kali/src/oscp/results/rebound.htb/scans/tcp389/xml/tcp_389_ldap_nmap.xml" rebound.htb

nmap -vv --reason -Pn -T4 -sV -p 445 --script="banner,(nbstat or smb* or ssl*) and not (brute or broadcast or dos or external or fuzzer)" -oN "/home/kali/src/oscp/results/rebound.htb/scans/tcp445/tcp_445_smb_nmap.txt" -oX "/home/kali/src/oscp/results/rebound.htb/scans/tcp445/xml/tcp_445_smb_nmap.xml" rebound.htb

smbmap -H rebound.htb -P 445 2>&1

nmap -vv --reason -Pn -T4 -sV -p 464 --script="banner,krb5-enum-users" -oN "/home/kali/src/oscp/results/rebound.htb/scans/tcp464/tcp_464_kerberos_nmap.txt" -oX "/home/kali/src/oscp/results/rebound.htb/scans/tcp464/xml/tcp_464_kerberos_nmap.xml" rebound.htb

impacket-rpcdump -port 593 rebound.htb

nmap -vv --reason -Pn -T4 -sV -p 636 --script="banner,(ldap* or ssl*) and not (brute or broadcast or dos or external or fuzzer)" -oN "/home/kali/src/oscp/results/rebound.htb/scans/tcp636/tcp_636_ldap_nmap.txt" -oX "/home/kali/src/oscp/results/rebound.htb/scans/tcp636/xml/tcp_636_ldap_nmap.xml" rebound.htb

sslscan --show-certificate --no-colour rebound.htb:636 2>&1

nmap -vv --reason -Pn -T4 -sV -p 3268 --script="banner,(ldap* or ssl*) and not (brute or broadcast or dos or external or fuzzer)" -oN "/home/kali/src/oscp/results/rebound.htb/scans/tcp3268/tcp_3268_ldap_nmap.txt" -oX "/home/kali/src/oscp/results/rebound.htb/scans/tcp3268/xml/tcp_3268_ldap_nmap.xml" rebound.htb

nmap -vv --reason -Pn -T4 -sV -p 3269 --script="banner,(ldap* or ssl*) and not (brute or broadcast or dos or external or fuzzer)" -oN "/home/kali/src/oscp/results/rebound.htb/scans/tcp3269/tcp_3269_ldap_nmap.txt" -oX "/home/kali/src/oscp/results/rebound.htb/scans/tcp3269/xml/tcp_3269_ldap_nmap.xml" rebound.htb

sslscan --show-certificate --no-colour rebound.htb:3269 2>&1

dig AXFR -p 53 @rebound.htb

